<?xml version="1.0" encoding="UTF-8"?>
<!-- Generated by org.testng.reporters.JUnitReportReporter -->
<testsuite skipped="0" hostname="PIXMAC-L1PTHTDF.internal.pixacore.com" name="homePage.NewsAndEvents" tests="2" failures="0" timestamp="18 Jan 2019 16:51:32 GMT" time="3.684" errors="0">
  <testcase name="LogIn" time="3.589" classname="homePage.NewsAndEvents"/>
  <testcase name="NewsAndEvent" time="0.095" classname="homePage.NewsAndEvents"/>
</testsuite> <!-- homePage.NewsAndEvents -->
