<?xml version="1.0" encoding="UTF-8"?>
<!-- Generated by org.testng.reporters.JUnitReportReporter -->
<testsuite skipped="0" hostname="PIXMAC-L1PTHTDF.internal.pixacore.com" name="logIn.EnterSite" tests="4" failures="0" timestamp="18 Jan 2019 16:16:06 GMT" time="38.219" errors="0">
  <testcase name="LogIn" time="3.472" classname="logIn.EnterSite"/>
  <testcase name="accept" time="1.084" classname="logIn.EnterSite"/>
  <testcase name="initiatives" time="14.450" classname="logIn.EnterSite"/>
  <testcase name="Download_Presentaions" time="19.213" classname="logIn.EnterSite"/>
</testsuite> <!-- logIn.EnterSite -->
