<?xml version="1.0" encoding="UTF-8"?>
<!-- Generated by org.testng.reporters.JUnitReportReporter -->
<testsuite hostname="PIXMAC-L1PTHTDF.internal.pixacore.com" failures="0" tests="4" name="sharedInitiatives.TopicFilters" time="6.994" errors="0" timestamp="18 Dec 2018 22:21:27 GMT" skipped="0">
  <testcase classname="sharedInitiatives.TopicFilters" name="LogIn" time="2.864"/>
  <testcase classname="sharedInitiatives.TopicFilters" name="topic" time="2.265"/>
  <testcase classname="sharedInitiatives.TopicFilters" name="topicFilters" time="0.176"/>
  <testcase classname="sharedInitiatives.TopicFilters" name="Select_Topic" time="1.689"/>
</testsuite> <!-- sharedInitiatives.TopicFilters -->
