<?xml version="1.0" encoding="UTF-8"?>
<!-- Generated by org.testng.reporters.JUnitReportReporter -->
<testsuite skipped="0" hostname="PIXMAC-L1PTHTDF.internal.pixacore.com" name="homePage.TopicFilters" tests="4" failures="0" timestamp="18 Jan 2019 16:51:32 GMT" time="8.607" errors="0">
  <testcase name="LogIn" time="4.307" classname="homePage.TopicFilters"/>
  <testcase name="topic" time="2.495" classname="homePage.TopicFilters"/>
  <testcase name="topicFilters" time="0.179" classname="homePage.TopicFilters"/>
  <testcase name="Select_Topic" time="1.626" classname="homePage.TopicFilters"/>
</testsuite> <!-- homePage.TopicFilters -->
