<?xml version="1.0" encoding="UTF-8"?>
<!-- Generated by org.testng.reporters.JUnitReportReporter -->
<testsuite hostname="PIXMAC-L1PTHTDF.internal.pixacore.com" failures="0" tests="1" name="sharedInitiatives.TopicFilters" time="2.752" errors="0" timestamp="08 Jan 2019 20:00:53 GMT" skipped="0">
  <testcase classname="sharedInitiatives.TopicFilters" name="LogIn" time="2.752"/>
</testsuite> <!-- sharedInitiatives.TopicFilters -->
