<?xml version="1.0" encoding="UTF-8"?>
<!-- Generated by org.testng.reporters.JUnitReportReporter -->
<testsuite hostname="PIXMAC-L1PTHTDF.internal.pixacore.com" failures="0" tests="2" name="homePage.NewsAndEvents" time="2.347" errors="0" timestamp="04 Jan 2019 17:54:31 GMT" skipped="0">
  <testcase classname="homePage.NewsAndEvents" name="LogIn" time="2.260"/>
  <testcase classname="homePage.NewsAndEvents" name="NewsAndEvent" time="0.087"/>
</testsuite> <!-- homePage.NewsAndEvents -->
