<?xml version="1.0" encoding="UTF-8"?>
<!-- Generated by org.testng.reporters.JUnitReportReporter -->
<testsuite skipped="0" hostname="PIXMAC-L1PTHTDF.internal.pixacore.com" name="sharedInitiatives.TopicFilters" tests="4" failures="0" timestamp="18 Jan 2019 16:25:18 GMT" time="8.002" errors="0">
  <testcase name="LogIn" time="3.740" classname="sharedInitiatives.TopicFilters"/>
  <testcase name="topic" time="2.324" classname="sharedInitiatives.TopicFilters"/>
  <testcase name="topicFilters" time="0.161" classname="sharedInitiatives.TopicFilters"/>
  <testcase name="Select_Topic" time="1.777" classname="sharedInitiatives.TopicFilters"/>
</testsuite> <!-- sharedInitiatives.TopicFilters -->
