<?xml version="1.0" encoding="UTF-8"?>
<!-- Generated by org.testng.reporters.JUnitReportReporter -->
<testsuite hostname="PIXMAC-L1PTHTDF.internal.pixacore.com" failures="0" tests="4" name="logIn.EnterSite" time="40.334" errors="0" timestamp="14 Dec 2018 22:16:51 GMT" skipped="0">
  <testcase classname="logIn.EnterSite" name="LogIn" time="2.563"/>
  <testcase classname="logIn.EnterSite" name="accept" time="0.092"/>
  <testcase classname="logIn.EnterSite" name="initiatives" time="2.736"/>
  <testcase classname="logIn.EnterSite" name="Download_Presentaions" time="34.943"/>
</testsuite> <!-- logIn.EnterSite -->
