<?xml version="1.0" encoding="UTF-8"?>
<!-- Generated by org.testng.reporters.JUnitReportReporter -->
<testsuite hostname="PIXMAC-L1PTHTDF.internal.pixacore.com" failures="0" tests="2" name="homePage.NewsAndEvents" time="2.456" errors="0" timestamp="08 Jan 2019 20:00:53 GMT" skipped="0">
  <testcase classname="homePage.NewsAndEvents" name="LogIn" time="2.357"/>
  <testcase classname="homePage.NewsAndEvents" name="NewsAndEvent" time="0.099"/>
</testsuite> <!-- homePage.NewsAndEvents -->
