<?xml version="1.0" encoding="UTF-8"?>
<!-- Generated by org.testng.reporters.JUnitReportReporter -->
<testsuite skipped="0" hostname="PIXMAC-L1PTHTDF.internal.pixacore.com" name="homePage.EnterSite" tests="4" failures="0" timestamp="18 Jan 2019 16:51:32 GMT" time="39.521" errors="0">
  <testcase name="LogIn" time="4.162" classname="homePage.EnterSite"/>
  <testcase name="accept" time="1.088" classname="homePage.EnterSite"/>
  <testcase name="initiatives" time="14.235" classname="homePage.EnterSite"/>
  <testcase name="Download_Presentaions" time="20.036" classname="homePage.EnterSite"/>
</testsuite> <!-- homePage.EnterSite -->
