<?xml version="1.0" encoding="UTF-8"?>
<!-- Generated by org.testng.reporters.JUnitReportReporter -->
<testsuite skipped="0" hostname="PIXMAC-L1PTHTDF.internal.pixacore.com" name="homePage.NewsAndEvents" tests="2" failures="0" timestamp="08 Jan 2019 22:34:16 GMT" time="2.233" errors="0">
  <testcase name="LogIn" time="2.145" classname="homePage.NewsAndEvents"/>
  <testcase name="NewsAndEvent" time="0.088" classname="homePage.NewsAndEvents"/>
</testsuite> <!-- homePage.NewsAndEvents -->
